<?xml version="1.0" encoding="UTF-8"?>
<!-- Generated by org.testng.reporters.JUnitReportReporter -->
<testsuite skipped="0" hostname="LAPTOP-OIQQGHKO" name="FacebookLogin" tests="3" failures="0" timestamp="2022-09-17T02:48:35 IST" time="0.008" errors="0">
  <testcase name="loginwithvalidcredentials" time="0.001" classname="FacebookLogin"/>
  <system-out/>
  <testcase name="loginwithvalidusername" time="0.000" classname="FacebookLogin"/>
  <system-out/>
  <testcase name="loginwithinvalidcredentials" time="0.007" classname="FacebookLogin"/>
  <system-out/>
</testsuite> <!-- FacebookLogin -->
