<?xml version="1.0" encoding="UTF-8"?>
<!-- Generated by org.testng.reporters.JUnitReportReporter -->
<testsuite skipped="0" hostname="LAPTOP-OIQQGHKO" name="com.testing.training.Testgrouping" tests="4" failures="0" timestamp="2022-09-19T22:01:36 IST" time="0.010" errors="0">
  <testcase name="testcasetwo" time="0.001" classname="com.testing.training.Testgrouping"/>
  <system-out/>
  <testcase name="testcaseone" time="0.001" classname="com.testing.training.Testgrouping"/>
  <system-out/>
  <testcase name="testcasethree" time="0.001" classname="com.testing.training.Testgrouping"/>
  <system-out/>
  <testcase name="testcasefour" time="0.007" classname="com.testing.training.Testgrouping"/>
  <system-out/>
</testsuite> <!-- com.testing.training.Testgrouping -->
