<?xml version="1.0" encoding="UTF-8"?>
<!-- Generated by org.testng.reporters.JUnitReportReporter -->
<testsuite skipped="0" hostname="LAPTOP-OIQQGHKO" name="Facebookprofiletest" tests="2" failures="0" timestamp="2022-09-17T02:48:35 IST" time="0.002" errors="0">
  <testcase name="checkprofilelogo" time="0.001" classname="Facebookprofiletest"/>
  <system-out/>
  <testcase name="checkprofilelink" time="0.001" classname="Facebookprofiletest"/>
  <system-out/>
</testsuite> <!-- Facebookprofiletest -->
