<?xml version="1.0" encoding="UTF-8"?>
<!-- Generated by org.testng.reporters.JUnitReportReporter -->
<testsuite skipped="1" hostname="LAPTOP-OIQQGHKO" name="com.testing.training.Sampletest" tests="3" failures="0" timestamp="2022-09-17T02:48:35 IST" time="0.004" errors="0">
  <testcase name="nottest" time="0.001" classname="com.testing.training.Sampletest"/>
  <system-out/>
  <testcase name="test" time="0.003" classname="com.testing.training.Sampletest"/>
  <system-out/>
  <testcase name="failtestcase" classname="com.testing.training.Sampletest">
    <skipped/>
  </testcase> <!-- failtestcase -->
  <system-out/>
</testsuite> <!-- com.testing.training.Sampletest -->
