<?xml version="1.0" encoding="UTF-8"?>
<!-- Generated by org.testng.reporters.JUnitReportReporter -->
<testsuite skipped="0" hostname="LAPTOP-OIQQGHKO" name="com.testing.training.testcase1" tests="1" failures="0" timestamp="2022-09-17T02:48:35 IST" time="0.001" errors="0">
  <testcase name="test1" time="0.001" classname="com.testing.training.testcase1"/>
  <system-out/>
</testsuite> <!-- com.testing.training.testcase1 -->
