<?xml version="1.0" encoding="UTF-8"?>
<!-- Generated by org.testng.reporters.JUnitReportReporter -->
<testsuite skipped="2" hostname="LAPTOP-OIQQGHKO" name="com.testing.training.skippingexample" tests="4" failures="0" timestamp="2022-09-17T02:48:35 IST" time="0.003" errors="0">
  <testcase name="testone" time="0.001" classname="com.testing.training.skippingexample"/>
  <system-out/>
  <testcase name="testfour" time="0.001" classname="com.testing.training.skippingexample">
    <skipped/>
  </testcase> <!-- testfour -->
  <system-out/>
  <testcase name="testthree" time="0.001" classname="com.testing.training.skippingexample"/>
  <system-out/>
  <testcase name="testtwo" classname="com.testing.training.skippingexample">
    <skipped/>
  </testcase> <!-- testtwo -->
  <system-out/>
</testsuite> <!-- com.testing.training.skippingexample -->
