<?xml version="1.0" encoding="UTF-8"?>
<!-- Generated by org.testng.reporters.JUnitReportReporter -->
<testsuite skipped="0" hostname="LAPTOP-OIQQGHKO" name="com.testing.training.Sampletesttwo" tests="2" failures="0" timestamp="2022-09-17T02:48:35 IST" time="0.005" errors="0">
  <testcase name="test" time="0.001" classname="com.testing.training.Sampletesttwo"/>
  <system-out/>
  <testcase name="nottest" time="0.004" classname="com.testing.training.Sampletesttwo"/>
  <system-out/>
</testsuite> <!-- com.testing.training.Sampletesttwo -->
