<?xml version="1.0" encoding="UTF-8"?>
<!-- Generated by org.testng.reporters.JUnitReportReporter -->
<testsuite skipped="0" hostname="LAPTOP-OIQQGHKO" name="masterclasspart1.extractclassinselenium" tests="1" failures="0" timestamp="2022-09-23T02:29:55 IST" time="18.457" errors="0">
  <testcase name="extracttextfromwebpage" time="18.457" classname="masterclasspart1.extractclassinselenium"/>
  <system-out/>
</testsuite> <!-- masterclasspart1.extractclassinselenium -->
