<?xml version="1.0" encoding="UTF-8"?>
<!-- Generated by org.testng.reporters.JUnitReportReporter -->
<testsuite skipped="0" hostname="LAPTOP-OIQQGHKO" name="com.selenium.wait.Implicitwait" tests="1" failures="0" timestamp="2022-06-08T02:21:48 IST" time="14.420" errors="0">
  <testcase name="testImplicitwait" time="14.420" classname="com.selenium.wait.Implicitwait"/>
  <system-out/>
</testsuite> <!-- com.selenium.wait.Implicitwait -->
