<?xml version="1.0" encoding="UTF-8"?>
<!-- Generated by org.testng.reporters.JUnitReportReporter -->
<testsuite skipped="0" hostname="LAPTOP-OIQQGHKO" name="masterclasspart2.handledragdrop" tests="1" failures="0" timestamp="2021-08-03T03:04:28 IST" time="18.705" errors="0">
  <testcase name="customdragnddrop" time="18.705" classname="masterclasspart2.handledragdrop"/>
  <system-out/>
</testsuite> <!-- masterclasspart2.handledragdrop -->
