<?xml version="1.0" encoding="UTF-8"?>
<!-- Generated by org.testng.reporters.JUnitReportReporter -->
<testsuite skipped="0" hostname="LAPTOP-OIQQGHKO" name="masterclasspart1.extractspecificwebelements" tests="1" failures="0" timestamp="2021-08-01T21:51:32 IST" time="12.300" errors="0">
  <testcase name="extractelements" time="12.300" classname="masterclasspart1.extractspecificwebelements"/>
  <system-out/>
</testsuite> <!-- masterclasspart1.extractspecificwebelements -->
