<?xml version="1.0" encoding="UTF-8"?>
<!-- Generated by org.testng.reporters.JUnitReportReporter -->
<testsuite skipped="0" hostname="LAPTOP-OIQQGHKO" name="com.selenium.basics.firstseleniumtest" tests="1" failures="0" timestamp="2021-10-12T19:28:28 IST" time="14.561" errors="0">
  <testcase name="verifyAmazonHomePage" time="14.561" classname="com.selenium.basics.firstseleniumtest"/>
  <system-out/>
</testsuite> <!-- com.selenium.basics.firstseleniumtest -->
