<?xml version="1.0" encoding="UTF-8"?>
<!-- Generated by org.testng.reporters.JUnitReportReporter -->
<testsuite skipped="0" hostname="LAPTOP-OIQQGHKO" name="com.selenium.webelement.element" tests="1" failures="0" timestamp="2021-08-25T23:19:16 IST" time="32.987" errors="0">
  <testcase name="tr" time="32.987" classname="com.selenium.webelement.element"/>
  <system-out/>
</testsuite> <!-- com.selenium.webelement.element -->
