<?xml version="1.0" encoding="UTF-8"?>
<!-- Generated by org.testng.reporters.JUnitReportReporter -->
<testsuite skipped="0" hostname="LAPTOP-OIQQGHKO" name="com.selenium.liveautomation.part2" tests="1" failures="0" timestamp="2021-08-04T23:41:01 IST" time="26.025" errors="0">
  <testcase name="loginRediff" time="26.025" classname="com.selenium.liveautomation.part2"/>
  <system-out/>
</testsuite> <!-- com.selenium.liveautomation.part2 -->
