<?xml version="1.0" encoding="UTF-8"?>
<!-- Generated by org.testng.reporters.JUnitReportReporter -->
<testsuite skipped="0" hostname="LAPTOP-OIQQGHKO" name="masterclasspart2.multiselectdropdown" tests="1" failures="0" timestamp="2021-08-02T02:21:09 IST" time="41.855" errors="0">
  <testcase name="selectmultiselectdropdown" time="41.855" classname="masterclasspart2.multiselectdropdown"/>
  <system-out/>
</testsuite> <!-- masterclasspart2.multiselectdropdown -->
