<?xml version="1.0" encoding="UTF-8"?>
<!-- Generated by org.testng.reporters.JUnitReportReporter -->
<testsuite skipped="0" hostname="LAPTOP-OIQQGHKO" name="masterclasspart2.selectdropdown" tests="1" failures="0" timestamp="2021-08-02T01:38:47 IST" time="31.826" errors="0">
  <testcase name="selectDOB" time="31.826" classname="masterclasspart2.selectdropdown"/>
  <system-out/>
</testsuite> <!-- masterclasspart2.selectdropdown -->
