<?xml version="1.0" encoding="UTF-8"?>
<!-- Generated by org.testng.reporters.JUnitReportReporter -->
<testsuite skipped="0" hostname="LAPTOP-OIQQGHKO" name="masterclasspart1.framehandling$explicitwait" tests="1" failures="0" timestamp="2022-09-23T03:32:13 IST" time="30.893" errors="0">
  <testcase name="getIframe" time="30.893" classname="masterclasspart1.framehandling$explicitwait"/>
  <system-out/>
</testsuite> <!-- masterclasspart1.framehandling$explicitwait -->
