<?xml version="1.0" encoding="UTF-8"?>
<!-- Generated by org.testng.reporters.JUnitReportReporter -->
<testsuite skipped="0" hostname="LAPTOP-OIQQGHKO" name="com.selenium.wait.waits" tests="1" failures="0" timestamp="2021-07-29T12:59:28 IST" time="19.993" errors="0">
  <testcase name="googlesearch" time="19.993" classname="com.selenium.wait.waits"/>
  <system-out/>
</testsuite> <!-- com.selenium.wait.waits -->
