<?xml version="1.0" encoding="UTF-8"?>
<!-- Generated by org.testng.reporters.JUnitReportReporter -->
<testsuite skipped="0" hostname="LAPTOP-OIQQGHKO" name="masterclasspart1.checklink" tests="1" failures="0" timestamp="2022-09-23T03:59:14 IST" time="175.522" errors="0">
  <testcase name="extractlinkfromwebpage" time="175.522" classname="masterclasspart1.checklink"/>
  <system-out/>
</testsuite> <!-- masterclasspart1.checklink -->
