<?xml version="1.0" encoding="UTF-8"?>
<!-- Generated by org.testng.reporters.JUnitReportReporter -->
<testsuite skipped="0" hostname="LAPTOP-OIQQGHKO" name="masterclasspart2.handlemousehover" tests="1" failures="0" timestamp="2021-08-03T01:33:44 IST" time="23.313" errors="0">
  <testcase name="handlemousehover" time="23.313" classname="masterclasspart2.handlemousehover"/>
  <system-out/>
</testsuite> <!-- masterclasspart2.handlemousehover -->
