<?xml version="1.0" encoding="UTF-8"?>
<!-- Generated by org.testng.reporters.JUnitReportReporter -->
<testsuite skipped="0" hostname="LAPTOP-OIQQGHKO" name="com.selenium.wait.threadwaits" tests="1" failures="0" timestamp="2021-08-23T01:17:52 IST" time="17.054" errors="0">
  <testcase name="googlesearch" time="17.054" classname="com.selenium.wait.threadwaits"/>
  <system-out/>
</testsuite> <!-- com.selenium.wait.threadwaits -->
