<?xml version="1.0" encoding="UTF-8"?>
<!-- Generated by org.testng.reporters.JUnitReportReporter -->
<testsuite skipped="0" hostname="LAPTOP-OIQQGHKO" name="masterclasspart3.handlewebtable" tests="1" failures="0" timestamp="2021-08-15T19:04:14 IST" time="23.487" errors="0">
  <testcase name="managewebtable" time="23.487" classname="masterclasspart3.handlewebtable"/>
  <system-out/>
</testsuite> <!-- masterclasspart3.handlewebtable -->
