<?xml version="1.0" encoding="UTF-8"?>
<!-- Generated by org.testng.reporters.JUnitReportReporter -->
<testsuite skipped="0" hostname="LAPTOP-OIQQGHKO" name="xpathmasterclass.xpath1" tests="1" failures="0" timestamp="2023-05-19T00:34:14 IST" time="9.527" errors="0">
  <testcase name="sendvalues" time="9.527" classname="xpathmasterclass.xpath1"/>
  <system-out/>
</testsuite> <!-- xpathmasterclass.xpath1 -->
