<?xml version="1.0" encoding="UTF-8"?>
<!-- Generated by org.testng.reporters.JUnitReportReporter -->
<testsuite skipped="0" hostname="LAPTOP-OIQQGHKO" name="Practice.testpractice" tests="2" failures="0" timestamp="2023-07-15T00:39:13 IST" time="13.569" errors="0">
  <testcase name="openbrowser" time="3.341" classname="Practice.testpractice"/>
  <system-out/>
  <testcase name="openurl" time="10.228" classname="Practice.testpractice"/>
  <system-out/>
</testsuite> <!-- Practice.testpractice -->
