<?xml version="1.0" encoding="UTF-8"?>
<!-- Generated by org.testng.reporters.JUnitReportReporter -->
<testsuite skipped="0" hostname="LAPTOP-OIQQGHKO" name="com.selenium.webelement.CNNtest" tests="1" failures="0" timestamp="2021-07-28T02:29:13 IST" time="51.742" errors="0">
  <testcase name="testing" time="51.742" classname="com.selenium.webelement.CNNtest"/>
  <system-out/>
</testsuite> <!-- com.selenium.webelement.CNNtest -->
