<?xml version="1.0" encoding="UTF-8"?>
<!-- Generated by org.testng.reporters.JUnitReportReporter -->
<testsuite skipped="0" hostname="LAPTOP-OIQQGHKO" name="testngpreparation.priority" tests="2" failures="0" timestamp="2022-11-14T03:06:32 IST" time="0.016" errors="0">
  <testcase name="checking" time="0.014" classname="testngpreparation.priority"/>
  <system-out/>
  <testcase name="checkingexecution" time="0.002" classname="testngpreparation.priority"/>
  <system-out/>
</testsuite> <!-- testngpreparation.priority -->
