<?xml version="1.0" encoding="UTF-8"?>
<!-- Generated by org.testng.reporters.JUnitReportReporter -->
<testsuite skipped="0" hostname="LAPTOP-OIQQGHKO" name="com.selenium.webelement.Reddiffsignin" tests="1" failures="0" timestamp="2021-07-26T11:36:59 IST" time="26.138" errors="0">
  <testcase name="testrediffsingintest" time="26.138" classname="com.selenium.webelement.Reddiffsignin"/>
  <system-out/>
</testsuite> <!-- com.selenium.webelement.Reddiffsignin -->
