<?xml version="1.0" encoding="UTF-8"?>
<!-- Generated by org.testng.reporters.JUnitReportReporter -->
<testsuite skipped="0" hostname="LAPTOP-OIQQGHKO" name="testngpreparation.dependson" tests="4" failures="0" timestamp="2022-11-14T03:02:01 IST" time="0.037" errors="0">
  <testcase name="execute" time="0.002" classname="testngpreparation.dependson"/>
  <system-out/>
  <testcase name="checkwronggroupdependency" time="0.029" classname="testngpreparation.dependson"/>
  <system-out/>
  <testcase name="depend" time="0.003" classname="testngpreparation.dependson"/>
  <system-out/>
  <testcase name="checkgroupdependency" time="0.003" classname="testngpreparation.dependson"/>
  <system-out/>
</testsuite> <!-- testngpreparation.dependson -->
