<?xml version="1.0" encoding="UTF-8"?>
<!-- Generated by org.testng.reporters.JUnitReportReporter -->
<testsuite skipped="0" hostname="LAPTOP-OIQQGHKO" name="masterclasspart1.checkvisibilitywebelement" tests="1" failures="0" timestamp="2021-08-01T20:46:37 IST" time="14.391" errors="0">
  <testcase name="verifyElementSelected" time="14.391" classname="masterclasspart1.checkvisibilitywebelement"/>
  <system-out/>
</testsuite> <!-- masterclasspart1.checkvisibilitywebelement -->
