<?xml version="1.0" encoding="UTF-8"?>
<!-- Generated by org.testng.reporters.JUnitReportReporter -->
<testsuite skipped="0" hostname="LAPTOP-OIQQGHKO" name="testngpreparation.grouping" tests="5" failures="0" timestamp="2022-11-14T10:42:14 IST" time="0.014" errors="0">
  <testcase name="display3" time="0.001" classname="testngpreparation.grouping"/>
  <system-out/>
  <testcase name="display5" time="0.002" classname="testngpreparation.grouping"/>
  <system-out/>
  <testcase name="display1" time="0.009" classname="testngpreparation.grouping"/>
  <system-out/>
  <testcase name="display2" time="0.001" classname="testngpreparation.grouping"/>
  <system-out/>
  <testcase name="display4" time="0.001" classname="testngpreparation.grouping"/>
  <system-out/>
</testsuite> <!-- testngpreparation.grouping -->
