<?xml version="1.0" encoding="UTF-8"?>
<!-- Generated by org.testng.reporters.JUnitReportReporter -->
<testsuite skipped="0" hostname="LAPTOP-OIQQGHKO" name="com.selenium.basics.webdrivermanager" tests="1" failures="0" timestamp="2023-04-26T02:39:41 IST" time="32.768" errors="0">
  <testcase name="main" time="32.768" classname="com.selenium.basics.webdrivermanager"/>
  <system-out/>
</testsuite> <!-- com.selenium.basics.webdrivermanager -->
