<?xml version="1.0" encoding="UTF-8"?>
<!-- Generated by org.testng.reporters.JUnitReportReporter -->
<testsuite skipped="0" hostname="LAPTOP-OIQQGHKO" name="com.selenium.webelement.xpath" tests="1" failures="0" timestamp="2021-07-26T20:24:09 IST" time="19.029" errors="0">
  <testcase name="absolutexpath" time="19.029" classname="com.selenium.webelement.xpath"/>
  <system-out/>
</testsuite> <!-- com.selenium.webelement.xpath -->
