<?xml version="1.0" encoding="UTF-8"?>
<!-- Generated by org.testng.reporters.JUnitReportReporter -->
<testsuite skipped="0" hostname="LAPTOP-OIQQGHKO" name="seleniumpreparation.checkinganythingtest" tests="1" failures="0" timestamp="2023-05-24T01:22:26 IST" time="9.269" errors="0">
  <testcase name="opentheselectedurl" time="9.269" classname="seleniumpreparation.checkinganythingtest"/>
  <system-out/>
</testsuite> <!-- seleniumpreparation.checkinganythingtest -->
